modification_log:
22-04-2019:
	PonyGE2:
	    +replaced fitness function by C-implemented Fitness function for (string_match problem, regression problem and classification problems)

23-04-2019:
    Global:
       +research project(hyper-parameter tuning part)
       +standard of adding new probelm(fitness function) into test suite

29-04-2019:
    Global:
        +(on work)Data extracter
        +bug fixed on hyper-parameter-tuning.py
            --the minimize_problem bug
            todo: Name of Output still have bug

01-05-2019:
+todo:Add the MAX_BUDGET to control the eval_num of fitness func

    PonyGE2:
        +added one decorater in from 'utilities.stats.eval_counter' to record eval_num.
        connected:
            +from utilities.stats.eval_counter import eval_counter
            +@eval_counter
            in files:
            ~fitness/base_ff.py
            ~fitness/supervised_leaning.py
            ~fitness/base_ff.py


02-05-2019:
    PonyGE2:
        +eval_count func(src/utilities/stats/eval_counter.py)


